<?xml version="1.0" encoding="UTF-8"?>
<testng-results skipped="0" failed="0" ignored="0" total="0" passed="0">
  <reporter-output>
  </reporter-output>
  <suite name="com.xyz.bank.sw16.runners.TestRunner" duration-ms="9" started-at="2023-05-25T15:00:22Z" finished-at="2023-05-25T15:00:22Z">
    <groups>
    </groups>
    <test name="Command line test" duration-ms="9" started-at="2023-05-25T15:00:22Z" finished-at="2023-05-25T15:00:22Z">
    </test> <!-- Command line test -->
  </suite> <!-- com.xyz.bank.sw16.runners.TestRunner -->
</testng-results>
